<?xml version="1.0" encoding="UTF-8"?>
<coverage generated="1773851397174" clover="3.2.0">
  <project timestamp="1773851397174" name="All files">
    <metrics statements="50" coveredstatements="50" conditionals="27" coveredconditionals="27" methods="14" coveredmethods="14" elements="91" coveredelements="91" complexity="0" loc="50" ncloc="50" packages="1" files="3" classes="3"/>
    <file name="catalog-logic.ts" path="/Users/kurinokousaku/Workspace/maron/OpenCheats/frontend/src/lib/catalog-logic.ts">
      <metrics statements="21" coveredstatements="21" conditionals="10" coveredconditionals="10" methods="6" coveredmethods="6"/>
      <line num="3" count="1" type="stmt"/>
      <line num="11" count="1" type="stmt"/>
      <line num="17" count="1" type="stmt"/>
      <line num="43" count="4" type="cond" truecount="2" falsecount="0"/>
      <line num="44" count="1" type="stmt"/>
      <line num="47" count="3" type="cond" truecount="2" falsecount="0"/>
      <line num="48" count="1" type="stmt"/>
      <line num="51" count="2" type="stmt"/>
      <line num="52" count="2" type="cond" truecount="2" falsecount="0"/>
      <line num="59" count="3" type="stmt"/>
      <line num="60" count="2" type="stmt"/>
      <line num="61" count="3" type="stmt"/>
      <line num="64" count="2" type="stmt"/>
      <line num="65" count="2" type="stmt"/>
      <line num="67" count="2" type="stmt"/>
      <line num="68" count="3" type="cond" truecount="4" falsecount="0"/>
      <line num="69" count="2" type="stmt"/>
      <line num="70" count="2" type="stmt"/>
      <line num="73" count="1" type="stmt"/>
      <line num="76" count="3" type="stmt"/>
      <line num="78" count="2" type="stmt"/>
    </file>
    <file name="prompt-document.ts" path="/Users/kurinokousaku/Workspace/maron/OpenCheats/frontend/src/lib/prompt-document.ts">
      <metrics statements="22" coveredstatements="22" conditionals="11" coveredconditionals="11" methods="6" coveredmethods="6"/>
      <line num="24" count="3" type="stmt"/>
      <line num="32" count="3" type="stmt"/>
      <line num="36" count="7" type="stmt"/>
      <line num="38" count="7" type="stmt"/>
      <line num="39" count="17" type="cond" truecount="2" falsecount="0"/>
      <line num="40" count="13" type="stmt"/>
      <line num="41" count="13" type="stmt"/>
      <line num="42" count="13" type="cond" truecount="2" falsecount="0"/>
      <line num="43" count="5" type="stmt"/>
      <line num="44" count="5" type="stmt"/>
      <line num="46" count="8" type="stmt"/>
      <line num="47" count="8" type="stmt"/>
      <line num="50" count="4" type="stmt"/>
      <line num="53" count="7" type="cond" truecount="2" falsecount="0"/>
      <line num="60" count="2" type="stmt"/>
      <line num="62" count="4" type="cond" truecount="2" falsecount="0"/>
      <line num="63" count="2" type="stmt"/>
      <line num="66" count="2" type="stmt"/>
      <line num="67" count="2" type="cond" truecount="2" falsecount="0"/>
      <line num="68" count="1" type="stmt"/>
      <line num="71" count="1" type="stmt"/>
      <line num="77" count="1" type="stmt"/>
    </file>
    <file name="prompt-logic.ts" path="/Users/kurinokousaku/Workspace/maron/OpenCheats/frontend/src/lib/prompt-logic.ts">
      <metrics statements="7" coveredstatements="7" conditionals="6" coveredconditionals="6" methods="2" coveredmethods="2"/>
      <line num="8" count="1" type="stmt"/>
      <line num="21" count="1" type="stmt"/>
      <line num="26" count="1" type="stmt"/>
      <line num="31" count="2" type="cond" truecount="2" falsecount="0"/>
      <line num="48" count="2" type="cond" truecount="2" falsecount="0"/>
      <line num="49" count="2" type="cond" truecount="2" falsecount="0"/>
      <line num="53" count="2" type="stmt"/>
    </file>
  </project>
</coverage>
