{"/Users/kurinokousaku/Workspace/maron/OpenCheats/frontend/src/lib/catalog-logic.ts": {"path":"/Users/kurinokousaku/Workspace/maron/OpenCheats/frontend/src/lib/catalog-logic.ts","statementMap":{"0":{"start":{"line":3,"column":40},"end":{"line":9,"column":null}},"1":{"start":{"line":11,"column":35},"end":{"line":15,"column":null}},"2":{"start":{"line":17,"column":35},"end":{"line":21,"column":null}},"3":{"start":{"line":43,"column":2},"end":{"line":45,"column":null}},"4":{"start":{"line":44,"column":4},"end":{"line":44,"column":null}},"5":{"start":{"line":47,"column":2},"end":{"line":49,"column":null}},"6":{"start":{"line":48,"column":4},"end":{"line":48,"column":null}},"7":{"start":{"line":51,"column":18},"end":{"line":51,"column":null}},"8":{"start":{"line":52,"column":2},"end":{"line":52,"column":null}},"9":{"start":{"line":59,"column":22},"end":{"line":59,"column":null}},"10":{"start":{"line":59,"column":61},"end":{"line":59,"column":80}},"11":{"start":{"line":60,"column":18},"end":{"line":62,"column":null}},"12":{"start":{"line":61,"column":32},"end":{"line":61,"column":41}},"13":{"start":{"line":61,"column":78},"end":{"line":61,"column":92}},"14":{"start":{"line":64,"column":39},"end":{"line":64,"column":null}},"15":{"start":{"line":65,"column":39},"end":{"line":65,"column":null}},"16":{"start":{"line":67,"column":2},"end":{"line":74,"column":null}},"17":{"start":{"line":68,"column":4},"end":{"line":71,"column":null}},"18":{"start":{"line":69,"column":6},"end":{"line":69,"column":null}},"19":{"start":{"line":70,"column":6},"end":{"line":70,"column":null}},"20":{"start":{"line":73,"column":4},"end":{"line":73,"column":null}},"21":{"start":{"line":76,"column":18},"end":{"line":76,"column":null}},"22":{"start":{"line":76,"column":52},"end":{"line":76,"column":75}},"23":{"start":{"line":78,"column":2},"end":{"line":82,"column":null}}},"fnMap":{"0":{"name":"normalizeCatalogDescription","decl":{"start":{"line":42,"column":16},"end":{"line":42,"column":44}},"loc":{"start":{"line":42,"column":73},"end":{"line":53,"column":null}},"line":42},"1":{"name":"buildCatalogOptionSyncPlan","decl":{"start":{"line":55,"column":16},"end":{"line":55,"column":null}},"loc":{"start":{"line":58,"column":25},"end":{"line":83,"column":null}},"line":58},"2":{"name":"(anonymous_2)","decl":{"start":{"line":59,"column":49},"end":{"line":59,"column":50}},"loc":{"start":{"line":59,"column":61},"end":{"line":59,"column":80}},"line":59},"3":{"name":"(anonymous_3)","decl":{"start":{"line":61,"column":20},"end":{"line":61,"column":21}},"loc":{"start":{"line":61,"column":32},"end":{"line":61,"column":41}},"line":61},"4":{"name":"(anonymous_4)","decl":{"start":{"line":61,"column":50},"end":{"line":61,"column":51}},"loc":{"start":{"line":61,"column":78},"end":{"line":61,"column":92}},"line":61},"5":{"name":"(anonymous_5)","decl":{"start":{"line":76,"column":40},"end":{"line":76,"column":41}},"loc":{"start":{"line":76,"column":52},"end":{"line":76,"column":75}},"line":76}},"branchMap":{"0":{"loc":{"start":{"line":43,"column":2},"end":{"line":45,"column":null}},"type":"if","locations":[{"start":{"line":43,"column":2},"end":{"line":45,"column":null}},{"start":{},"end":{}}],"line":43},"1":{"loc":{"start":{"line":47,"column":2},"end":{"line":49,"column":null}},"type":"if","locations":[{"start":{"line":47,"column":2},"end":{"line":49,"column":null}},{"start":{},"end":{}}],"line":47},"2":{"loc":{"start":{"line":52,"column":9},"end":{"line":52,"column":null}},"type":"cond-expr","locations":[{"start":{"line":52,"column":19},"end":{"line":52,"column":29}},{"start":{"line":52,"column":29},"end":{"line":52,"column":null}}],"line":52},"3":{"loc":{"start":{"line":68,"column":4},"end":{"line":71,"column":null}},"type":"if","locations":[{"start":{"line":68,"column":4},"end":{"line":71,"column":null}},{"start":{},"end":{}}],"line":68},"4":{"loc":{"start":{"line":68,"column":8},"end":{"line":68,"column":49}},"type":"binary-expr","locations":[{"start":{"line":68,"column":8},"end":{"line":68,"column":21}},{"start":{"line":68,"column":21},"end":{"line":68,"column":49}}],"line":68}},"s":{"0":1,"1":1,"2":1,"3":4,"4":1,"5":3,"6":1,"7":2,"8":2,"9":2,"10":3,"11":2,"12":3,"13":3,"14":2,"15":2,"16":2,"17":3,"18":2,"19":2,"20":1,"21":2,"22":3,"23":2},"f":{"0":4,"1":2,"2":3,"3":3,"4":3,"5":3},"b":{"0":[1,3],"1":[1,2],"2":[1,1],"3":[2,1],"4":[3,2]},"meta":{"lastBranch":5,"lastFunction":6,"lastStatement":24,"seen":{"s:3:40:9:Infinity":0,"s:11:35:15:Infinity":1,"s:17:35:21:Infinity":2,"f:42:16:42:44":0,"b:43:2:45:Infinity:undefined:undefined:undefined:undefined":0,"s:43:2:45:Infinity":3,"s:44:4:44:Infinity":4,"b:47:2:49:Infinity:undefined:undefined:undefined:undefined":1,"s:47:2:49:Infinity":5,"s:48:4:48:Infinity":6,"s:51:18:51:Infinity":7,"s:52:2:52:Infinity":8,"b:52:19:52:29:52:29:52:Infinity":2,"f:55:16:55:Infinity":1,"s:59:22:59:Infinity":9,"f:59:49:59:50":2,"s:59:61:59:80":10,"s:60:18:62:Infinity":11,"f:61:20:61:21":3,"s:61:32:61:41":12,"f:61:50:61:51":4,"s:61:78:61:92":13,"s:64:39:64:Infinity":14,"s:65:39:65:Infinity":15,"s:67:2:74:Infinity":16,"b:68:4:71:Infinity:undefined:undefined:undefined:undefined":3,"s:68:4:71:Infinity":17,"b:68:8:68:21:68:21:68:49":4,"s:69:6:69:Infinity":18,"s:70:6:70:Infinity":19,"s:73:4:73:Infinity":20,"s:76:18:76:Infinity":21,"f:76:40:76:41":5,"s:76:52:76:75":22,"s:78:2:82:Infinity":23}}}
,"/Users/kurinokousaku/Workspace/maron/OpenCheats/frontend/src/lib/prompt-document.ts": {"path":"/Users/kurinokousaku/Workspace/maron/OpenCheats/frontend/src/lib/prompt-document.ts","statementMap":{"0":{"start":{"line":24,"column":2},"end":{"line":28,"column":null}},"1":{"start":{"line":32,"column":2},"end":{"line":32,"column":null}},"2":{"start":{"line":36,"column":37},"end":{"line":36,"column":null}},"3":{"start":{"line":38,"column":2},"end":{"line":51,"column":null}},"4":{"start":{"line":39,"column":4},"end":{"line":48,"column":null}},"5":{"start":{"line":40,"column":19},"end":{"line":40,"column":null}},"6":{"start":{"line":41,"column":23},"end":{"line":41,"column":null}},"7":{"start":{"line":42,"column":6},"end":{"line":45,"column":null}},"8":{"start":{"line":43,"column":8},"end":{"line":43,"column":null}},"9":{"start":{"line":44,"column":8},"end":{"line":44,"column":null}},"10":{"start":{"line":46,"column":6},"end":{"line":46,"column":null}},"11":{"start":{"line":47,"column":6},"end":{"line":47,"column":null}},"12":{"start":{"line":50,"column":4},"end":{"line":50,"column":null}},"13":{"start":{"line":53,"column":2},"end":{"line":53,"column":null}},"14":{"start":{"line":60,"column":2},"end":{"line":73,"column":null}},"15":{"start":{"line":62,"column":6},"end":{"line":64,"column":null}},"16":{"start":{"line":63,"column":8},"end":{"line":63,"column":null}},"17":{"start":{"line":66,"column":21},"end":{"line":66,"column":null}},"18":{"start":{"line":67,"column":6},"end":{"line":69,"column":null}},"19":{"start":{"line":68,"column":8},"end":{"line":68,"column":null}},"20":{"start":{"line":71,"column":6},"end":{"line":71,"column":null}},"21":{"start":{"line":77,"column":2},"end":{"line":77,"column":null}}},"fnMap":{"0":{"name":"createPromptTextNode","decl":{"start":{"line":23,"column":16},"end":{"line":23,"column":37}},"loc":{"start":{"line":23,"column":64},"end":{"line":29,"column":null}},"line":23},"1":{"name":"createEmptyPromptDocument","decl":{"start":{"line":31,"column":16},"end":{"line":31,"column":60}},"loc":{"start":{"line":31,"column":60},"end":{"line":33,"column":null}},"line":31},"2":{"name":"normalizePromptDocument","decl":{"start":{"line":35,"column":16},"end":{"line":35,"column":40}},"loc":{"start":{"line":35,"column":79},"end":{"line":54,"column":null}},"line":35},"3":{"name":"resolvePromptDocument","decl":{"start":{"line":56,"column":16},"end":{"line":56,"column":null}},"loc":{"start":{"line":59,"column":2},"end":{"line":74,"column":null}},"line":59},"4":{"name":"(anonymous_4)","decl":{"start":{"line":61,"column":9},"end":{"line":61,"column":10}},"loc":{"start":{"line":61,"column":19},"end":{"line":72,"column":5}},"line":61},"5":{"name":"toPlainPromptText","decl":{"start":{"line":76,"column":16},"end":{"line":76,"column":34}},"loc":{"start":{"line":76,"column":49},"end":{"line":78,"column":null}},"line":76}},"branchMap":{"0":{"loc":{"start":{"line":23,"column":37},"end":{"line":23,"column":64}},"type":"default-arg","locations":[{"start":{"line":23,"column":44},"end":{"line":23,"column":64}}],"line":23},"1":{"loc":{"start":{"line":39,"column":4},"end":{"line":48,"column":null}},"type":"if","locations":[{"start":{"line":39,"column":4},"end":{"line":48,"column":null}},{"start":{},"end":{}}],"line":39},"2":{"loc":{"start":{"line":42,"column":6},"end":{"line":45,"column":null}},"type":"if","locations":[{"start":{"line":42,"column":6},"end":{"line":45,"column":null}},{"start":{},"end":{}}],"line":42},"3":{"loc":{"start":{"line":53,"column":9},"end":{"line":53,"column":null}},"type":"cond-expr","locations":[{"start":{"line":53,"column":33},"end":{"line":53,"column":46}},{"start":{"line":53,"column":46},"end":{"line":53,"column":null}}],"line":53},"4":{"loc":{"start":{"line":62,"column":6},"end":{"line":64,"column":null}},"type":"if","locations":[{"start":{"line":62,"column":6},"end":{"line":64,"column":null}},{"start":{},"end":{}}],"line":62},"5":{"loc":{"start":{"line":67,"column":6},"end":{"line":69,"column":null}},"type":"if","locations":[{"start":{"line":67,"column":6},"end":{"line":69,"column":null}},{"start":{},"end":{}}],"line":67}},"s":{"0":3,"1":3,"2":7,"3":7,"4":17,"5":13,"6":13,"7":13,"8":5,"9":5,"10":8,"11":8,"12":4,"13":7,"14":2,"15":4,"16":2,"17":2,"18":2,"19":1,"20":1,"21":1},"f":{"0":3,"1":3,"2":7,"3":2,"4":4,"5":1},"b":{"0":[3],"1":[13,4],"2":[5,8],"3":[6,1],"4":[2,2],"5":[1,1]},"meta":{"lastBranch":6,"lastFunction":6,"lastStatement":22,"seen":{"f:23:16:23:37":0,"b:23:44:23:64":0,"s:24:2:28:Infinity":0,"f:31:16:31:60":1,"s:32:2:32:Infinity":1,"f:35:16:35:40":2,"s:36:37:36:Infinity":2,"s:38:2:51:Infinity":3,"b:39:4:48:Infinity:undefined:undefined:undefined:undefined":1,"s:39:4:48:Infinity":4,"s:40:19:40:Infinity":5,"s:41:23:41:Infinity":6,"b:42:6:45:Infinity:undefined:undefined:undefined:undefined":2,"s:42:6:45:Infinity":7,"s:43:8:43:Infinity":8,"s:44:8:44:Infinity":9,"s:46:6:46:Infinity":10,"s:47:6:47:Infinity":11,"s:50:4:50:Infinity":12,"s:53:2:53:Infinity":13,"b:53:33:53:46:53:46:53:Infinity":3,"f:56:16:56:Infinity":3,"s:60:2:73:Infinity":14,"f:61:9:61:10":4,"b:62:6:64:Infinity:undefined:undefined:undefined:undefined":4,"s:62:6:64:Infinity":15,"s:63:8:63:Infinity":16,"s:66:21:66:Infinity":17,"b:67:6:69:Infinity:undefined:undefined:undefined:undefined":5,"s:67:6:69:Infinity":18,"s:68:8:68:Infinity":19,"s:71:6:71:Infinity":20,"f:76:16:76:34":5,"s:77:2:77:Infinity":21}}}
,"/Users/kurinokousaku/Workspace/maron/OpenCheats/frontend/src/lib/prompt-logic.ts": {"path":"/Users/kurinokousaku/Workspace/maron/OpenCheats/frontend/src/lib/prompt-logic.ts","statementMap":{"0":{"start":{"line":8,"column":32},"end":{"line":19,"column":null}},"1":{"start":{"line":21,"column":34},"end":{"line":24,"column":null}},"2":{"start":{"line":26,"column":34},"end":{"line":33,"column":null}},"3":{"start":{"line":31,"column":21},"end":{"line":31,"column":80}},"4":{"start":{"line":48,"column":16},"end":{"line":48,"column":null}},"5":{"start":{"line":49,"column":19},"end":{"line":51,"column":null}},"6":{"start":{"line":53,"column":2},"end":{"line":57,"column":null}}},"fnMap":{"0":{"name":"(anonymous_0)","decl":{"start":{"line":31,"column":10},"end":{"line":31,"column":11}},"loc":{"start":{"line":31,"column":21},"end":{"line":31,"column":80}},"line":31},"1":{"name":"buildNextPromptState","decl":{"start":{"line":44,"column":16},"end":{"line":44,"column":null}},"loc":{"start":{"line":47,"column":2},"end":{"line":58,"column":null}},"line":47}},"branchMap":{"0":{"loc":{"start":{"line":31,"column":21},"end":{"line":31,"column":80}},"type":"binary-expr","locations":[{"start":{"line":31,"column":21},"end":{"line":31,"column":50}},{"start":{"line":31,"column":50},"end":{"line":31,"column":80}}],"line":31},"1":{"loc":{"start":{"line":48,"column":16},"end":{"line":48,"column":null}},"type":"binary-expr","locations":[{"start":{"line":48,"column":16},"end":{"line":48,"column":32}},{"start":{"line":48,"column":32},"end":{"line":48,"column":null}}],"line":48},"2":{"loc":{"start":{"line":49,"column":19},"end":{"line":51,"column":null}},"type":"cond-expr","locations":[{"start":{"line":49,"column":26},"end":{"line":50,"column":null}},{"start":{"line":51,"column":6},"end":{"line":51,"column":null}}],"line":49}},"s":{"0":1,"1":1,"2":1,"3":2,"4":2,"5":2,"6":2},"f":{"0":2,"1":2},"b":{"0":[2,1],"1":[2,1],"2":[1,1]},"meta":{"lastBranch":3,"lastFunction":2,"lastStatement":7,"seen":{"s:8:32:19:Infinity":0,"s:21:34:24:Infinity":1,"s:26:34:33:Infinity":2,"f:31:10:31:11":0,"s:31:21:31:80":3,"b:31:21:31:50:31:50:31:80":0,"f:44:16:44:Infinity":1,"s:48:16:48:Infinity":4,"b:48:16:48:32:48:32:48:Infinity":1,"s:49:19:51:Infinity":5,"b:49:26:50:Infinity:51:6:51:Infinity":2,"s:53:2:57:Infinity":6}}}
}
